2024-01-02 11:39:52,503 INFO o.a.j.u.JMeterUtils: Setting Locale to en_US
2024-01-02 11:39:52,543 INFO o.a.j.JMeter: Loading user properties from: user.properties
2024-01-02 11:39:52,551 INFO o.a.j.JMeter: Loading system properties from: system.properties
2024-01-02 11:39:52,551 INFO o.a.j.JMeter: Copyright (c) 1998-2023 The Apache Software Foundation
2024-01-02 11:39:52,551 INFO o.a.j.JMeter: Version 5.6.2
2024-01-02 11:39:52,551 INFO o.a.j.JMeter: java.version=16.0.1
2024-01-02 11:39:52,551 INFO o.a.j.JMeter: java.vm.name=Java HotSpot(TM) 64-Bit Server VM
2024-01-02 11:39:52,551 INFO o.a.j.JMeter: os.name=Windows 10
2024-01-02 11:39:52,551 INFO o.a.j.JMeter: os.arch=amd64
2024-01-02 11:39:52,551 INFO o.a.j.JMeter: os.version=10.0
2024-01-02 11:39:52,551 INFO o.a.j.JMeter: file.encoding=Cp1252
2024-01-02 11:39:52,551 INFO o.a.j.JMeter: java.awt.headless=null
2024-01-02 11:39:52,551 INFO o.a.j.JMeter: Max memory     =4240441344
2024-01-02 11:39:52,551 INFO o.a.j.JMeter: Available Processors =8
2024-01-02 11:39:52,569 INFO o.a.j.JMeter: Default Locale=English (United States)
2024-01-02 11:39:52,569 INFO o.a.j.JMeter: JMeter  Locale=English (United States)
2024-01-02 11:39:52,569 INFO o.a.j.JMeter: JMeterHome=C:\srikanth\apache-jmeter-5.6.2
2024-01-02 11:39:52,569 INFO o.a.j.JMeter: user.dir  =C:\srikanth\apache-jmeter-5.6.2\bin
2024-01-02 11:39:52,569 INFO o.a.j.JMeter: PWD       =C:\srikanth\apache-jmeter-5.6.2\bin
2024-01-02 11:39:52,569 INFO o.a.j.JMeter: IP: 192.168.0.108 Name: BRIAPWLqRemmAdn FullName: BRIAPWLqRemmAdn.BRILLIO.COM
2024-01-02 11:39:52,583 INFO o.a.j.JMeter: Loaded icon properties from org/apache/jmeter/images/icon.properties
2024-01-02 11:39:52,750 INFO o.a.j.JMeterGuiLauncher: Setting LAF to: laf:javax.swing.plaf.nimbus.NimbusLookAndFeel
2024-01-02 11:39:53,527 INFO o.a.j.r.ClassFinder: Will scan jar C:\srikanth\apache-jmeter-5.6.2\lib\ext\jmeter.backendlistener.azure-0.2.9.jar with filter ExtendsClassFilter [parents=[interface org.apache.jmeter.gui.action.Command], inner=false, contains=null, notContains=null]. Consider exposing JMeter plugins via META-INF/services, and add JMeter-Skip-Class-Scanning=true manifest attribute so JMeter can skip classfile scanning
2024-01-02 11:39:54,138 INFO o.a.j.r.ClassFinder: Will scan jar C:\srikanth\apache-jmeter-5.6.2\lib\ext\jmeter-plugins-casutg-2.10.jar with filter ExtendsClassFilter [parents=[interface org.apache.jmeter.gui.action.Command], inner=false, contains=null, notContains=null]. Consider exposing JMeter plugins via META-INF/services, and add JMeter-Skip-Class-Scanning=true manifest attribute so JMeter can skip classfile scanning
2024-01-02 11:39:54,155 INFO o.a.j.r.ClassFinder: Will scan jar C:\srikanth\apache-jmeter-5.6.2\lib\ext\jmeter-plugins-manager-1.10.jar with filter ExtendsClassFilter [parents=[interface org.apache.jmeter.gui.action.Command], inner=false, contains=null, notContains=null]. Consider exposing JMeter plugins via META-INF/services, and add JMeter-Skip-Class-Scanning=true manifest attribute so JMeter can skip classfile scanning
2024-01-02 11:39:54,233 INFO o.a.j.r.ClassFinder: Will scan jar C:\srikanth\apache-jmeter-5.6.2\lib\ext\jmeter-plugins-dummy-0.4.jar with filter ExtendsClassFilter [parents=[interface org.apache.jmeter.gui.action.Command], inner=false, contains=null, notContains=null]. Consider exposing JMeter plugins via META-INF/services, and add JMeter-Skip-Class-Scanning=true manifest attribute so JMeter can skip classfile scanning
2024-01-02 11:39:54,251 INFO o.a.j.r.ClassFinder: Will scan jar C:\srikanth\apache-jmeter-5.6.2\lib\ext\jmeter-plugins-tst-2.6.jar with filter ExtendsClassFilter [parents=[interface org.apache.jmeter.gui.action.Command], inner=false, contains=null, notContains=null]. Consider exposing JMeter plugins via META-INF/services, and add JMeter-Skip-Class-Scanning=true manifest attribute so JMeter can skip classfile scanning
2024-01-02 11:39:54,251 INFO o.a.j.r.ClassFinder: Will scan jar C:\srikanth\apache-jmeter-5.6.2\lib\ext\jmeter-plugins-graphs-basic-2.0.jar with filter ExtendsClassFilter [parents=[interface org.apache.jmeter.gui.action.Command], inner=false, contains=null, notContains=null]. Consider exposing JMeter plugins via META-INF/services, and add JMeter-Skip-Class-Scanning=true manifest attribute so JMeter can skip classfile scanning
2024-01-02 11:39:54,259 INFO o.a.j.r.ClassFinder: Will scan jar C:\srikanth\apache-jmeter-5.6.2\lib\ext\jmeter-prometheus-plugin-0.6.0.jar with filter ExtendsClassFilter [parents=[interface org.apache.jmeter.gui.action.Command], inner=false, contains=null, notContains=null]. Consider exposing JMeter plugins via META-INF/services, and add JMeter-Skip-Class-Scanning=true manifest attribute so JMeter can skip classfile scanning
2024-01-02 11:39:54,265 INFO o.a.j.r.ClassFinder: Will scan jar C:\srikanth\apache-jmeter-5.6.2\lib\ext\jmeter-plugins-perfmon-2.1.jar with filter ExtendsClassFilter [parents=[interface org.apache.jmeter.gui.action.Command], inner=false, contains=null, notContains=null]. Consider exposing JMeter plugins via META-INF/services, and add JMeter-Skip-Class-Scanning=true manifest attribute so JMeter can skip classfile scanning
2024-01-02 11:39:54,265 INFO o.a.j.r.ClassFinder: Will scan jar C:\srikanth\apache-jmeter-5.6.2\lib\ext\mqmeter-2.1.0.jar with filter ExtendsClassFilter [parents=[interface org.apache.jmeter.gui.action.Command], inner=false, contains=null, notContains=null]. Consider exposing JMeter plugins via META-INF/services, and add JMeter-Skip-Class-Scanning=true manifest attribute so JMeter can skip classfile scanning
2024-01-02 11:39:55,029 INFO o.a.j.r.ClassFinder: Will scan jar C:\srikanth\apache-jmeter-5.6.2\lib\ext\jmeter-plugins-json-2.7.jar with filter ExtendsClassFilter [parents=[interface org.apache.jmeter.gui.action.Command], inner=false, contains=null, notContains=null]. Consider exposing JMeter plugins via META-INF/services, and add JMeter-Skip-Class-Scanning=true manifest attribute so JMeter can skip classfile scanning
2024-01-02 11:39:55,029 INFO o.a.j.r.ClassFinder: Will scan jar C:\srikanth\apache-jmeter-5.6.2\lib\ext\validatetg-1.0.1.jar with filter ExtendsClassFilter [parents=[interface org.apache.jmeter.gui.action.Command], inner=false, contains=null, notContains=null]. Consider exposing JMeter plugins via META-INF/services, and add JMeter-Skip-Class-Scanning=true manifest attribute so JMeter can skip classfile scanning
2024-01-02 11:39:55,039 INFO o.a.j.r.ClassFinder: Will scan jar C:\srikanth\apache-jmeter-5.6.2\lib\ext\di-extended-csv-2.0.jar with filter ExtendsClassFilter [parents=[interface org.apache.jmeter.gui.action.Command], inner=false, contains=null, notContains=null]. Consider exposing JMeter plugins via META-INF/services, and add JMeter-Skip-Class-Scanning=true manifest attribute so JMeter can skip classfile scanning
2024-01-02 11:39:55,041 INFO o.a.j.r.ClassFinder: Will scan jar C:\srikanth\apache-jmeter-5.6.2\lib\ext\jmeter-plugins-functions-2.2.jar with filter ExtendsClassFilter [parents=[interface org.apache.jmeter.gui.action.Command], inner=false, contains=null, notContains=null]. Consider exposing JMeter plugins via META-INF/services, and add JMeter-Skip-Class-Scanning=true manifest attribute so JMeter can skip classfile scanning
2024-01-02 11:39:55,051 INFO o.a.j.r.ClassFinder: Will scan jar C:\srikanth\apache-jmeter-5.6.2\lib\ext\jmeter-plugins-random-csv-data-set-0.8.jar with filter ExtendsClassFilter [parents=[interface org.apache.jmeter.gui.action.Command], inner=false, contains=null, notContains=null]. Consider exposing JMeter plugins via META-INF/services, and add JMeter-Skip-Class-Scanning=true manifest attribute so JMeter can skip classfile scanning
2024-01-02 11:39:55,051 INFO o.a.j.r.ClassFinder: Will scan jar C:\srikanth\apache-jmeter-5.6.2\lib\ext\jmeter-plugins-graphs-additional-2.0.jar with filter ExtendsClassFilter [parents=[interface org.apache.jmeter.gui.action.Command], inner=false, contains=null, notContains=null]. Consider exposing JMeter plugins via META-INF/services, and add JMeter-Skip-Class-Scanning=true manifest attribute so JMeter can skip classfile scanning
2024-01-02 11:39:55,055 INFO o.a.j.r.ClassFinder: Will scan jar C:\srikanth\apache-jmeter-5.6.2\lib\ext\jmeter-dynatrace-plugin-1.8.0.jar with filter ExtendsClassFilter [parents=[interface org.apache.jmeter.gui.action.Command], inner=false, contains=null, notContains=null]. Consider exposing JMeter plugins via META-INF/services, and add JMeter-Skip-Class-Scanning=true manifest attribute so JMeter can skip classfile scanning
2024-01-02 11:39:55,055 INFO o.a.j.r.ClassFinder: Will scan jar C:\srikanth\apache-jmeter-5.6.2\lib\ext\jmeter-grpc-request.jar with filter ExtendsClassFilter [parents=[interface org.apache.jmeter.gui.action.Command], inner=false, contains=null, notContains=null]. Consider exposing JMeter plugins via META-INF/services, and add JMeter-Skip-Class-Scanning=true manifest attribute so JMeter can skip classfile scanning
2024-01-02 11:39:55,670 INFO o.a.j.r.ClassFinder: Will scan jar C:\srikanth\apache-jmeter-5.6.2\lib\ext\jmeter.backendlistener.azure-0.2.9.jar with filter ExtendsClassFilter [parents=[interface org.apache.jmeter.gui.plugin.MenuCreator], inner=false, contains=null, notContains=null]. Consider exposing JMeter plugins via META-INF/services, and add JMeter-Skip-Class-Scanning=true manifest attribute so JMeter can skip classfile scanning
2024-01-02 11:39:55,673 INFO o.a.j.r.ClassFinder: Will scan jar C:\srikanth\apache-jmeter-5.6.2\lib\ext\jmeter-plugins-casutg-2.10.jar with filter ExtendsClassFilter [parents=[interface org.apache.jmeter.gui.plugin.MenuCreator], inner=false, contains=null, notContains=null]. Consider exposing JMeter plugins via META-INF/services, and add JMeter-Skip-Class-Scanning=true manifest attribute so JMeter can skip classfile scanning
2024-01-02 11:39:55,673 INFO o.a.j.r.ClassFinder: Will scan jar C:\srikanth\apache-jmeter-5.6.2\lib\ext\jmeter-plugins-manager-1.10.jar with filter ExtendsClassFilter [parents=[interface org.apache.jmeter.gui.plugin.MenuCreator], inner=false, contains=null, notContains=null]. Consider exposing JMeter plugins via META-INF/services, and add JMeter-Skip-Class-Scanning=true manifest attribute so JMeter can skip classfile scanning
2024-01-02 11:39:55,673 INFO o.a.j.r.ClassFinder: Will scan jar C:\srikanth\apache-jmeter-5.6.2\lib\ext\jmeter-plugins-dummy-0.4.jar with filter ExtendsClassFilter [parents=[interface org.apache.jmeter.gui.plugin.MenuCreator], inner=false, contains=null, notContains=null]. Consider exposing JMeter plugins via META-INF/services, and add JMeter-Skip-Class-Scanning=true manifest attribute so JMeter can skip classfile scanning
2024-01-02 11:39:55,673 INFO o.a.j.r.ClassFinder: Will scan jar C:\srikanth\apache-jmeter-5.6.2\lib\ext\jmeter-plugins-tst-2.6.jar with filter ExtendsClassFilter [parents=[interface org.apache.jmeter.gui.plugin.MenuCreator], inner=false, contains=null, notContains=null]. Consider exposing JMeter plugins via META-INF/services, and add JMeter-Skip-Class-Scanning=true manifest attribute so JMeter can skip classfile scanning
2024-01-02 11:39:55,673 INFO o.a.j.r.ClassFinder: Will scan jar C:\srikanth\apache-jmeter-5.6.2\lib\ext\jmeter-plugins-graphs-basic-2.0.jar with filter ExtendsClassFilter [parents=[interface org.apache.jmeter.gui.plugin.MenuCreator], inner=false, contains=null, notContains=null]. Consider exposing JMeter plugins via META-INF/services, and add JMeter-Skip-Class-Scanning=true manifest attribute so JMeter can skip classfile scanning
2024-01-02 11:39:55,673 INFO o.a.j.r.ClassFinder: Will scan jar C:\srikanth\apache-jmeter-5.6.2\lib\ext\jmeter-prometheus-plugin-0.6.0.jar with filter ExtendsClassFilter [parents=[interface org.apache.jmeter.gui.plugin.MenuCreator], inner=false, contains=null, notContains=null]. Consider exposing JMeter plugins via META-INF/services, and add JMeter-Skip-Class-Scanning=true manifest attribute so JMeter can skip classfile scanning
2024-01-02 11:39:55,686 INFO o.a.j.r.ClassFinder: Will scan jar C:\srikanth\apache-jmeter-5.6.2\lib\ext\jmeter-plugins-perfmon-2.1.jar with filter ExtendsClassFilter [parents=[interface org.apache.jmeter.gui.plugin.MenuCreator], inner=false, contains=null, notContains=null]. Consider exposing JMeter plugins via META-INF/services, and add JMeter-Skip-Class-Scanning=true manifest attribute so JMeter can skip classfile scanning
2024-01-02 11:39:55,686 INFO o.a.j.r.ClassFinder: Will scan jar C:\srikanth\apache-jmeter-5.6.2\lib\ext\mqmeter-2.1.0.jar with filter ExtendsClassFilter [parents=[interface org.apache.jmeter.gui.plugin.MenuCreator], inner=false, contains=null, notContains=null]. Consider exposing JMeter plugins via META-INF/services, and add JMeter-Skip-Class-Scanning=true manifest attribute so JMeter can skip classfile scanning
2024-01-02 11:39:55,686 INFO o.a.j.r.ClassFinder: Will scan jar C:\srikanth\apache-jmeter-5.6.2\lib\ext\jmeter-plugins-json-2.7.jar with filter ExtendsClassFilter [parents=[interface org.apache.jmeter.gui.plugin.MenuCreator], inner=false, contains=null, notContains=null]. Consider exposing JMeter plugins via META-INF/services, and add JMeter-Skip-Class-Scanning=true manifest attribute so JMeter can skip classfile scanning
2024-01-02 11:39:55,686 INFO o.a.j.r.ClassFinder: Will scan jar C:\srikanth\apache-jmeter-5.6.2\lib\ext\validatetg-1.0.1.jar with filter ExtendsClassFilter [parents=[interface org.apache.jmeter.gui.plugin.MenuCreator], inner=false, contains=null, notContains=null]. Consider exposing JMeter plugins via META-INF/services, and add JMeter-Skip-Class-Scanning=true manifest attribute so JMeter can skip classfile scanning
2024-01-02 11:39:55,686 INFO o.a.j.r.ClassFinder: Will scan jar C:\srikanth\apache-jmeter-5.6.2\lib\ext\di-extended-csv-2.0.jar with filter ExtendsClassFilter [parents=[interface org.apache.jmeter.gui.plugin.MenuCreator], inner=false, contains=null, notContains=null]. Consider exposing JMeter plugins via META-INF/services, and add JMeter-Skip-Class-Scanning=true manifest attribute so JMeter can skip classfile scanning
2024-01-02 11:39:55,686 INFO o.a.j.r.ClassFinder: Will scan jar C:\srikanth\apache-jmeter-5.6.2\lib\ext\jmeter-plugins-functions-2.2.jar with filter ExtendsClassFilter [parents=[interface org.apache.jmeter.gui.plugin.MenuCreator], inner=false, contains=null, notContains=null]. Consider exposing JMeter plugins via META-INF/services, and add JMeter-Skip-Class-Scanning=true manifest attribute so JMeter can skip classfile scanning
2024-01-02 11:39:55,686 INFO o.a.j.r.ClassFinder: Will scan jar C:\srikanth\apache-jmeter-5.6.2\lib\ext\jmeter-plugins-random-csv-data-set-0.8.jar with filter ExtendsClassFilter [parents=[interface org.apache.jmeter.gui.plugin.MenuCreator], inner=false, contains=null, notContains=null]. Consider exposing JMeter plugins via META-INF/services, and add JMeter-Skip-Class-Scanning=true manifest attribute so JMeter can skip classfile scanning
2024-01-02 11:39:55,686 INFO o.a.j.r.ClassFinder: Will scan jar C:\srikanth\apache-jmeter-5.6.2\lib\ext\jmeter-plugins-graphs-additional-2.0.jar with filter ExtendsClassFilter [parents=[interface org.apache.jmeter.gui.plugin.MenuCreator], inner=false, contains=null, notContains=null]. Consider exposing JMeter plugins via META-INF/services, and add JMeter-Skip-Class-Scanning=true manifest attribute so JMeter can skip classfile scanning
2024-01-02 11:39:55,686 INFO o.a.j.r.ClassFinder: Will scan jar C:\srikanth\apache-jmeter-5.6.2\lib\ext\jmeter-dynatrace-plugin-1.8.0.jar with filter ExtendsClassFilter [parents=[interface org.apache.jmeter.gui.plugin.MenuCreator], inner=false, contains=null, notContains=null]. Consider exposing JMeter plugins via META-INF/services, and add JMeter-Skip-Class-Scanning=true manifest attribute so JMeter can skip classfile scanning
2024-01-02 11:39:55,701 INFO o.a.j.r.ClassFinder: Will scan jar C:\srikanth\apache-jmeter-5.6.2\lib\ext\jmeter-grpc-request.jar with filter ExtendsClassFilter [parents=[interface org.apache.jmeter.gui.plugin.MenuCreator], inner=false, contains=null, notContains=null]. Consider exposing JMeter plugins via META-INF/services, and add JMeter-Skip-Class-Scanning=true manifest attribute so JMeter can skip classfile scanning
2024-01-02 11:39:56,034 INFO o.j.r.JARSourceHTTP: Found cached repo
2024-01-02 11:39:56,186 INFO o.j.r.PluginManager: Plugins Status: [jpgc-graphs-basic=2.0, jpgc-graphs-additional=2.0, jmeter.backendlistener.azure=0.2.9, jpgc-functions=2.2, jpgc-casutg=2.10, jpgc-dummy=0.4, jmeter-dynatrace-backend-listener=1.8.0, mqmeter=2.1.0, jmeter-grpc-request=grpc-request, jpgc-json=2.7, jpgc-perfmon=2.1, jpgc-plugins-manager=1.10, jmeter-prometheus=0.6.0, bzm-random-csv=0.8, jpgc-tst=2.6, validate-thread-group=1.0.1, jmeter-core=5.6.2, jmeter-ftp=5.6.2, jmeter-http=5.6.2, jmeter-jdbc=5.6.2, jmeter-jms=5.6.2, jmeter-junit=5.6.2, jmeter-java=5.6.2, jmeter-ldap=5.6.2, jmeter-mail=5.6.2, jmeter-mongodb=5.6.2, jmeter-native=5.6.2, jmeter-tcp=5.6.2, jmeter-components=5.6.2]
2024-01-02 11:40:47,372 INFO o.a.j.e.u.CompoundVariable: Note: Function class names must contain the string: '.functions.'
2024-01-02 11:40:47,372 INFO o.a.j.e.u.CompoundVariable: Note: Function class names must not contain the string: '.gui.'
2024-01-02 11:40:47,418 INFO o.a.j.r.ClassFinder: Will scan jar C:\srikanth\apache-jmeter-5.6.2\lib\ext\jmeter.backendlistener.azure-0.2.9.jar with filter ExtendsClassFilter [parents=[interface org.apache.jmeter.functions.Function], inner=false, contains=null, notContains=null]. Consider exposing JMeter plugins via META-INF/services, and add JMeter-Skip-Class-Scanning=true manifest attribute so JMeter can skip classfile scanning
2024-01-02 11:40:47,434 INFO o.a.j.r.ClassFinder: Will scan jar C:\srikanth\apache-jmeter-5.6.2\lib\ext\jmeter-plugins-casutg-2.10.jar with filter ExtendsClassFilter [parents=[interface org.apache.jmeter.functions.Function], inner=false, contains=null, notContains=null]. Consider exposing JMeter plugins via META-INF/services, and add JMeter-Skip-Class-Scanning=true manifest attribute so JMeter can skip classfile scanning
2024-01-02 11:40:47,434 INFO o.a.j.r.ClassFinder: Will scan jar C:\srikanth\apache-jmeter-5.6.2\lib\ext\jmeter-plugins-manager-1.10.jar with filter ExtendsClassFilter [parents=[interface org.apache.jmeter.functions.Function], inner=false, contains=null, notContains=null]. Consider exposing JMeter plugins via META-INF/services, and add JMeter-Skip-Class-Scanning=true manifest attribute so JMeter can skip classfile scanning
2024-01-02 11:40:47,434 INFO o.a.j.r.ClassFinder: Will scan jar C:\srikanth\apache-jmeter-5.6.2\lib\ext\jmeter-plugins-dummy-0.4.jar with filter ExtendsClassFilter [parents=[interface org.apache.jmeter.functions.Function], inner=false, contains=null, notContains=null]. Consider exposing JMeter plugins via META-INF/services, and add JMeter-Skip-Class-Scanning=true manifest attribute so JMeter can skip classfile scanning
2024-01-02 11:40:47,434 INFO o.a.j.r.ClassFinder: Will scan jar C:\srikanth\apache-jmeter-5.6.2\lib\ext\jmeter-plugins-tst-2.6.jar with filter ExtendsClassFilter [parents=[interface org.apache.jmeter.functions.Function], inner=false, contains=null, notContains=null]. Consider exposing JMeter plugins via META-INF/services, and add JMeter-Skip-Class-Scanning=true manifest attribute so JMeter can skip classfile scanning
2024-01-02 11:40:47,434 INFO o.a.j.r.ClassFinder: Will scan jar C:\srikanth\apache-jmeter-5.6.2\lib\ext\jmeter-plugins-graphs-basic-2.0.jar with filter ExtendsClassFilter [parents=[interface org.apache.jmeter.functions.Function], inner=false, contains=null, notContains=null]. Consider exposing JMeter plugins via META-INF/services, and add JMeter-Skip-Class-Scanning=true manifest attribute so JMeter can skip classfile scanning
2024-01-02 11:40:47,434 INFO o.a.j.r.ClassFinder: Will scan jar C:\srikanth\apache-jmeter-5.6.2\lib\ext\jmeter-prometheus-plugin-0.6.0.jar with filter ExtendsClassFilter [parents=[interface org.apache.jmeter.functions.Function], inner=false, contains=null, notContains=null]. Consider exposing JMeter plugins via META-INF/services, and add JMeter-Skip-Class-Scanning=true manifest attribute so JMeter can skip classfile scanning
2024-01-02 11:40:47,434 INFO o.a.j.r.ClassFinder: Will scan jar C:\srikanth\apache-jmeter-5.6.2\lib\ext\jmeter-plugins-perfmon-2.1.jar with filter ExtendsClassFilter [parents=[interface org.apache.jmeter.functions.Function], inner=false, contains=null, notContains=null]. Consider exposing JMeter plugins via META-INF/services, and add JMeter-Skip-Class-Scanning=true manifest attribute so JMeter can skip classfile scanning
2024-01-02 11:40:47,434 INFO o.a.j.r.ClassFinder: Will scan jar C:\srikanth\apache-jmeter-5.6.2\lib\ext\mqmeter-2.1.0.jar with filter ExtendsClassFilter [parents=[interface org.apache.jmeter.functions.Function], inner=false, contains=null, notContains=null]. Consider exposing JMeter plugins via META-INF/services, and add JMeter-Skip-Class-Scanning=true manifest attribute so JMeter can skip classfile scanning
2024-01-02 11:40:47,453 INFO o.a.j.r.ClassFinder: Will scan jar C:\srikanth\apache-jmeter-5.6.2\lib\ext\jmeter-plugins-json-2.7.jar with filter ExtendsClassFilter [parents=[interface org.apache.jmeter.functions.Function], inner=false, contains=null, notContains=null]. Consider exposing JMeter plugins via META-INF/services, and add JMeter-Skip-Class-Scanning=true manifest attribute so JMeter can skip classfile scanning
2024-01-02 11:40:47,453 INFO o.a.j.r.ClassFinder: Will scan jar C:\srikanth\apache-jmeter-5.6.2\lib\ext\validatetg-1.0.1.jar with filter ExtendsClassFilter [parents=[interface org.apache.jmeter.functions.Function], inner=false, contains=null, notContains=null]. Consider exposing JMeter plugins via META-INF/services, and add JMeter-Skip-Class-Scanning=true manifest attribute so JMeter can skip classfile scanning
2024-01-02 11:40:47,453 INFO o.a.j.r.ClassFinder: Will scan jar C:\srikanth\apache-jmeter-5.6.2\lib\ext\di-extended-csv-2.0.jar with filter ExtendsClassFilter [parents=[interface org.apache.jmeter.functions.Function], inner=false, contains=null, notContains=null]. Consider exposing JMeter plugins via META-INF/services, and add JMeter-Skip-Class-Scanning=true manifest attribute so JMeter can skip classfile scanning
2024-01-02 11:40:47,453 INFO o.a.j.r.ClassFinder: Will scan jar C:\srikanth\apache-jmeter-5.6.2\lib\ext\jmeter-plugins-functions-2.2.jar with filter ExtendsClassFilter [parents=[interface org.apache.jmeter.functions.Function], inner=false, contains=null, notContains=null]. Consider exposing JMeter plugins via META-INF/services, and add JMeter-Skip-Class-Scanning=true manifest attribute so JMeter can skip classfile scanning
2024-01-02 11:40:47,453 INFO o.a.j.r.ClassFinder: Will scan jar C:\srikanth\apache-jmeter-5.6.2\lib\ext\jmeter-plugins-random-csv-data-set-0.8.jar with filter ExtendsClassFilter [parents=[interface org.apache.jmeter.functions.Function], inner=false, contains=null, notContains=null]. Consider exposing JMeter plugins via META-INF/services, and add JMeter-Skip-Class-Scanning=true manifest attribute so JMeter can skip classfile scanning
2024-01-02 11:40:47,453 INFO o.a.j.r.ClassFinder: Will scan jar C:\srikanth\apache-jmeter-5.6.2\lib\ext\jmeter-plugins-graphs-additional-2.0.jar with filter ExtendsClassFilter [parents=[interface org.apache.jmeter.functions.Function], inner=false, contains=null, notContains=null]. Consider exposing JMeter plugins via META-INF/services, and add JMeter-Skip-Class-Scanning=true manifest attribute so JMeter can skip classfile scanning
2024-01-02 11:40:47,453 INFO o.a.j.r.ClassFinder: Will scan jar C:\srikanth\apache-jmeter-5.6.2\lib\ext\jmeter-dynatrace-plugin-1.8.0.jar with filter ExtendsClassFilter [parents=[interface org.apache.jmeter.functions.Function], inner=false, contains=null, notContains=null]. Consider exposing JMeter plugins via META-INF/services, and add JMeter-Skip-Class-Scanning=true manifest attribute so JMeter can skip classfile scanning
2024-01-02 11:40:47,453 INFO o.a.j.r.ClassFinder: Will scan jar C:\srikanth\apache-jmeter-5.6.2\lib\ext\jmeter-grpc-request.jar with filter ExtendsClassFilter [parents=[interface org.apache.jmeter.functions.Function], inner=false, contains=null, notContains=null]. Consider exposing JMeter plugins via META-INF/services, and add JMeter-Skip-Class-Scanning=true manifest attribute so JMeter can skip classfile scanning
2024-01-02 11:41:17,011 INFO o.a.j.g.a.v.TreeClonerForValidation: Running validation with number of threads:1, ignoreTimers:true, number of iterations:1
2024-01-02 11:41:17,014 INFO o.a.j.e.StandardJMeterEngine: Running the test!
2024-01-02 11:41:17,014 INFO o.a.j.s.SampleEvent: List of sample_variables: []
2024-01-02 11:41:17,014 INFO o.a.j.s.SampleEvent: List of sample_variables: []
2024-01-02 11:41:17,016 INFO o.a.j.g.u.JMeterMenuBar: setRunning(true, *local*)
2024-01-02 11:41:17,063 INFO o.a.j.e.StandardJMeterEngine: No enabled thread groups found
2024-01-02 11:41:17,063 INFO o.a.j.e.StandardJMeterEngine: Notifying test listeners of end of test
2024-01-02 11:41:17,073 INFO o.a.j.s.FileServer: Default base='C:\srikanth\apache-jmeter-5.6.2\bin'
2024-01-02 11:41:17,073 INFO o.a.j.g.u.JMeterMenuBar: setRunning(false, *local*)
